2024-10-09 12:29:53.814  INFO 31848 --- [restartedMain] c.g.a.c.s.ApiDeClientesApplication       : Starting ApiDeClientesApplication using Java 17.0.12 on LAPTOP-87M6U998 with PID 31848 (C:\Users\Oscar\Documents\Springboot\srvapiclientes\target\classes started by Oscar in C:\Users\Oscar\Documents\Springboot\srvapiclientes)
2024-10-09 12:29:53.815  INFO 31848 --- [restartedMain] c.g.a.c.s.ApiDeClientesApplication       : No active profile set, falling back to 1 default profile: "default"
2024-10-09 12:29:53.956  INFO 31848 --- [restartedMain] .s.d.r.c.RepositoryConfigurationDelegate : Bootstrapping Spring Data JPA repositories in DEFAULT mode.
2024-10-09 12:29:53.964  INFO 31848 --- [restartedMain] .s.d.r.c.RepositoryConfigurationDelegate : Finished Spring Data repository scanning in 7 ms. Found 1 JPA repository interfaces.
2024-10-09 12:29:54.046  INFO 31848 --- [restartedMain] o.s.b.w.embedded.tomcat.TomcatWebServer  : Tomcat initialized with port(s): 8080 (http)
2024-10-09 12:29:54.047  INFO 31848 --- [restartedMain] o.apache.catalina.core.StandardService   : Starting service [Tomcat]
2024-10-09 12:29:54.047  INFO 31848 --- [restartedMain] org.apache.catalina.core.StandardEngine  : Starting Servlet engine: [Apache Tomcat/9.0.83]
2024-10-09 12:29:54.059  INFO 31848 --- [restartedMain] o.a.c.c.C.[Tomcat].[localhost].[/]       : Initializing Spring embedded WebApplicationContext
2024-10-09 12:29:54.060  INFO 31848 --- [restartedMain] w.s.c.ServletWebServerApplicationContext : Root WebApplicationContext: initialization completed in 243 ms
2024-10-09 12:29:54.071  INFO 31848 --- [restartedMain] com.zaxxer.hikari.HikariDataSource       : HikariPool-2 - Starting...
2024-10-09 12:29:54.073  INFO 31848 --- [restartedMain] com.zaxxer.hikari.HikariDataSource       : HikariPool-2 - Start completed.
2024-10-09 12:29:54.074  INFO 31848 --- [restartedMain] o.s.b.a.h2.H2ConsoleAutoConfiguration    : H2 console available at '/h2-console'. Database available at 'jdbc:h2:mem:testdb'
2024-10-09 12:29:54.099  INFO 31848 --- [restartedMain] o.hibernate.jpa.internal.util.LogHelper  : HHH000204: Processing PersistenceUnitInfo [name: default]
2024-10-09 12:29:54.105  INFO 31848 --- [restartedMain] org.hibernate.dialect.Dialect            : HHH000400: Using dialect: org.hibernate.dialect.H2Dialect
2024-10-09 12:29:54.132  INFO 31848 --- [restartedMain] o.h.e.t.j.p.i.JtaPlatformInitiator       : HHH000490: Using JtaPlatform implementation: [org.hibernate.engine.transaction.jta.platform.internal.NoJtaPlatform]
2024-10-09 12:29:54.133  INFO 31848 --- [restartedMain] j.LocalContainerEntityManagerFactoryBean : Initialized JPA EntityManagerFactory for persistence unit 'default'
2024-10-09 12:29:54.235  WARN 31848 --- [restartedMain] JpaBaseConfiguration$JpaWebConfiguration : spring.jpa.open-in-view is enabled by default. Therefore, database queries may be performed during view rendering. Explicitly configure spring.jpa.open-in-view to disable this warning
2024-10-09 12:29:54.291  INFO 31848 --- [restartedMain] o.s.b.d.a.OptionalLiveReloadServer       : LiveReload server is running on port 35729
2024-10-09 12:29:54.298  INFO 31848 --- [restartedMain] o.s.b.w.embedded.tomcat.TomcatWebServer  : Tomcat started on port(s): 8080 (http) with context path ''
2024-10-09 12:29:54.302  INFO 31848 --- [restartedMain] c.g.a.c.s.ApiDeClientesApplication       : Started ApiDeClientesApplication in 0.539 seconds (JVM running for 132.088)
2024-10-09 12:29:54.305  INFO 31848 --- [restartedMain] .ConditionEvaluationDeltaLoggingListener : Condition evaluation unchanged
2024-10-09 12:30:08.818  INFO 31848 --- [SpringApplicationShutdownHook] j.LocalContainerEntityManagerFactoryBean : Closing JPA EntityManagerFactory for persistence unit 'default'
2024-10-09 12:30:09.022 ERROR 31848 --- [HikariPool-2 connection adder] com.zaxxer.hikari.pool.HikariPool        : HikariPool-2 - Error thrown while acquiring connection from data source

org.h2.jdbc.JdbcSQLNonTransientConnectionException: La base de datos ya esta cerrada (para des-habilitar el cerrado automatico durante el shutdown de la VM, agregue ";DB_CLOSE_ON_EXIT=FALSE" a la URL de conexión)
Database is already closed (to disable automatic closing at VM shutdown, add ";DB_CLOSE_ON_EXIT=FALSE" to the db URL) [90121-214]
	at org.h2.message.DbException.getJdbcSQLException(DbException.java:678) ~[h2-2.1.214.jar:2.1.214]
	at org.h2.message.DbException.getJdbcSQLException(DbException.java:477) ~[h2-2.1.214.jar:2.1.214]
	at org.h2.message.DbException.get(DbException.java:223) ~[h2-2.1.214.jar:2.1.214]
	at org.h2.message.DbException.get(DbException.java:199) ~[h2-2.1.214.jar:2.1.214]
	at org.h2.message.DbException.get(DbException.java:188) ~[h2-2.1.214.jar:2.1.214]
	at org.h2.jdbc.JdbcConnection.checkClosed(JdbcConnection.java:1375) ~[h2-2.1.214.jar:2.1.214]
	at org.h2.jdbc.JdbcConnection.getAutoCommit(JdbcConnection.java:423) ~[h2-2.1.214.jar:2.1.214]
	at com.zaxxer.hikari.pool.PoolBase.setupConnection(PoolBase.java:412) ~[HikariCP-4.0.3.jar:na]
	at com.zaxxer.hikari.pool.PoolBase.newConnection(PoolBase.java:369) ~[HikariCP-4.0.3.jar:na]
	at com.zaxxer.hikari.pool.PoolBase.newPoolEntry(PoolBase.java:206) ~[HikariCP-4.0.3.jar:na]
	at com.zaxxer.hikari.pool.HikariPool.createPoolEntry(HikariPool.java:476) ~[HikariCP-4.0.3.jar:na]
	at com.zaxxer.hikari.pool.HikariPool.access$100(HikariPool.java:71) ~[HikariCP-4.0.3.jar:na]
	at com.zaxxer.hikari.pool.HikariPool$PoolEntryCreator.call(HikariPool.java:726) ~[HikariCP-4.0.3.jar:na]
	at com.zaxxer.hikari.pool.HikariPool$PoolEntryCreator.call(HikariPool.java:712) ~[HikariCP-4.0.3.jar:na]
	at java.base/java.util.concurrent.FutureTask.run(FutureTask.java:264) ~[na:na]
	at java.base/java.util.concurrent.ThreadPoolExecutor.runWorker(ThreadPoolExecutor.java:1136) ~[na:na]
	at java.base/java.util.concurrent.ThreadPoolExecutor$Worker.run(ThreadPoolExecutor.java:635) ~[na:na]
	at java.base/java.lang.Thread.run(Thread.java:840) ~[na:na]

2024-10-09 12:30:09.234  WARN 31848 --- [SpringApplicationShutdownHook] o.s.b.f.support.DisposableBeanAdapter    : Invocation of destroy method failed on bean with name 'inMemoryDatabaseShutdownExecutor': org.h2.jdbc.JdbcSQLNonTransientConnectionException: La base de datos ya esta cerrada (para des-habilitar el cerrado automatico durante el shutdown de la VM, agregue ";DB_CLOSE_ON_EXIT=FALSE" a la URL de conexión)
Database is already closed (to disable automatic closing at VM shutdown, add ";DB_CLOSE_ON_EXIT=FALSE" to the db URL) [90121-214]
2024-10-09 12:30:09.238  INFO 31848 --- [SpringApplicationShutdownHook] com.zaxxer.hikari.HikariDataSource       : HikariPool-2 - Shutdown initiated...
2024-10-09 12:30:09.278  INFO 31848 --- [SpringApplicationShutdownHook] com.zaxxer.hikari.HikariDataSource       : HikariPool-2 - Shutdown completed.
2024-10-09 12:30:13.388  INFO 37576 --- [restartedMain] c.g.a.c.s.ApiDeClientesApplication       : Starting ApiDeClientesApplication using Java 17.0.12 on LAPTOP-87M6U998 with PID 37576 (C:\Users\Oscar\Documents\Springboot\srvapiclientes\target\classes started by Oscar in C:\Users\Oscar\Documents\Springboot\srvapiclientes)
2024-10-09 12:30:13.390  INFO 37576 --- [restartedMain] c.g.a.c.s.ApiDeClientesApplication       : No active profile set, falling back to 1 default profile: "default"
2024-10-09 12:30:13.444  INFO 37576 --- [restartedMain] .e.DevToolsPropertyDefaultsPostProcessor : Devtools property defaults active! Set 'spring.devtools.add-properties' to 'false' to disable
2024-10-09 12:30:13.445  INFO 37576 --- [restartedMain] .e.DevToolsPropertyDefaultsPostProcessor : For additional web related logging consider setting the 'logging.level.web' property to 'DEBUG'
2024-10-09 12:30:14.092  INFO 37576 --- [restartedMain] .s.d.r.c.RepositoryConfigurationDelegate : Bootstrapping Spring Data JPA repositories in DEFAULT mode.
2024-10-09 12:30:14.138  INFO 37576 --- [restartedMain] .s.d.r.c.RepositoryConfigurationDelegate : Finished Spring Data repository scanning in 39 ms. Found 1 JPA repository interfaces.
2024-10-09 12:30:14.811  INFO 37576 --- [restartedMain] o.s.b.w.embedded.tomcat.TomcatWebServer  : Tomcat initialized with port(s): 8080 (http)
2024-10-09 12:30:14.822  INFO 37576 --- [restartedMain] o.apache.catalina.core.StandardService   : Starting service [Tomcat]
2024-10-09 12:30:14.823  INFO 37576 --- [restartedMain] org.apache.catalina.core.StandardEngine  : Starting Servlet engine: [Apache Tomcat/9.0.83]
2024-10-09 12:30:14.902  INFO 37576 --- [restartedMain] o.a.c.c.C.[Tomcat].[localhost].[/]       : Initializing Spring embedded WebApplicationContext
2024-10-09 12:30:14.903  INFO 37576 --- [restartedMain] w.s.c.ServletWebServerApplicationContext : Root WebApplicationContext: initialization completed in 1458 ms
2024-10-09 12:30:14.934  INFO 37576 --- [restartedMain] com.zaxxer.hikari.HikariDataSource       : HikariPool-1 - Starting...
2024-10-09 12:30:15.153  INFO 37576 --- [restartedMain] com.zaxxer.hikari.HikariDataSource       : HikariPool-1 - Start completed.
2024-10-09 12:30:15.163  INFO 37576 --- [restartedMain] o.s.b.a.h2.H2ConsoleAutoConfiguration    : H2 console available at '/h2-console'. Database available at 'jdbc:h2:mem:testdb'
2024-10-09 12:30:15.335  INFO 37576 --- [restartedMain] o.hibernate.jpa.internal.util.LogHelper  : HHH000204: Processing PersistenceUnitInfo [name: default]
2024-10-09 12:30:15.396  INFO 37576 --- [restartedMain] org.hibernate.Version                    : HHH000412: Hibernate ORM core version 5.6.15.Final
2024-10-09 12:30:15.577  INFO 37576 --- [restartedMain] o.hibernate.annotations.common.Version   : HCANN000001: Hibernate Commons Annotations {5.1.2.Final}
2024-10-09 12:30:15.724  INFO 37576 --- [restartedMain] org.hibernate.dialect.Dialect            : HHH000400: Using dialect: org.hibernate.dialect.H2Dialect
2024-10-09 12:30:16.221  INFO 37576 --- [restartedMain] o.h.e.t.j.p.i.JtaPlatformInitiator       : HHH000490: Using JtaPlatform implementation: [org.hibernate.engine.transaction.jta.platform.internal.NoJtaPlatform]
2024-10-09 12:30:16.228  INFO 37576 --- [restartedMain] j.LocalContainerEntityManagerFactoryBean : Initialized JPA EntityManagerFactory for persistence unit 'default'
2024-10-09 12:30:16.597  WARN 37576 --- [restartedMain] JpaBaseConfiguration$JpaWebConfiguration : spring.jpa.open-in-view is enabled by default. Therefore, database queries may be performed during view rendering. Explicitly configure spring.jpa.open-in-view to disable this warning
2024-10-09 12:30:16.952  INFO 37576 --- [restartedMain] o.s.b.d.a.OptionalLiveReloadServer       : LiveReload server is running on port 35729
2024-10-09 12:30:16.990  INFO 37576 --- [restartedMain] o.s.b.w.embedded.tomcat.TomcatWebServer  : Tomcat started on port(s): 8080 (http) with context path ''
2024-10-09 12:30:17.004  INFO 37576 --- [restartedMain] c.g.a.c.s.ApiDeClientesApplication       : Started ApiDeClientesApplication in 3.929 seconds (JVM running for 4.427)
2024-10-09 12:30:24.433  INFO 37576 --- [http-nio-8080-exec-1] o.a.c.c.C.[Tomcat].[localhost].[/]       : Initializing Spring DispatcherServlet 'dispatcherServlet'
2024-10-09 12:30:24.434  INFO 37576 --- [http-nio-8080-exec-1] o.s.web.servlet.DispatcherServlet        : Initializing Servlet 'dispatcherServlet'
2024-10-09 12:30:24.436  INFO 37576 --- [http-nio-8080-exec-1] o.s.web.servlet.DispatcherServlet        : Completed initialization in 1 ms
2024-10-09 12:30:24.582 ERROR 37576 --- [http-nio-8080-exec-1] c.g.a.c.s.e.GlobalExceptionHandler       : Errores en los campos enviados: Campos numeroDocumento. Son obligatorios. Campo correoElectronico: no cumple con la estructura de un correo electrónico válido.
2024-10-09 12:30:24.607  WARN 37576 --- [http-nio-8080-exec-1] .m.m.a.ExceptionHandlerExceptionResolver : Resolved [org.springframework.web.bind.MethodArgumentNotValidException: Validation failed for argument [0] in public org.springframework.http.ResponseEntity<?> com.gaei.api.clientes.srvapiclientes.controller.ClienteController.crearCliente(com.gaei.api.clientes.srvapiclientes.dto.ClienteDTO) with 2 errors: [Field error in object 'clienteDTO' on field 'correoElectronico': rejected value [oscoc.com]; codes [Email.clienteDTO.correoElectronico,Email.correoElectronico,Email.java.lang.String,Email]; arguments [org.springframework.context.support.DefaultMessageSourceResolvable: codes [clienteDTO.correoElectronico,correoElectronico]; arguments []; default message [correoElectronico],[Ljavax.validation.constraints.Pattern$Flag;@12cfccd8,.*]; default message [debe ser una dirección de correo electrónico con formato correcto]] [Field error in object 'clienteDTO' on field 'numeroDocumento': rejected value []; codes [NotBlank.clienteDTO.numeroDocumento,NotBlank.numeroDocumento,NotBlank.java.lang.String,NotBlank]; arguments [org.springframework.context.support.DefaultMessageSourceResolvable: codes [clienteDTO.numeroDocumento,numeroDocumento]; arguments []; default message [numeroDocumento]]; default message [no debe estar vacío]] ]
2024-10-09 12:31:11.507  INFO 37576 --- [File Watcher] rtingClassPathChangeChangedEventListener : Restarting due to 1 class path change (0 additions, 0 deletions, 1 modification)
2024-10-09 12:31:11.526  INFO 37576 --- [Thread-6] o.apache.catalina.core.StandardService   : Stopping service [Tomcat]
2024-10-09 12:31:11.527  INFO 37576 --- [Thread-6] o.a.c.c.C.[Tomcat].[localhost].[/]       : Destroying Spring FrameworkServlet 'dispatcherServlet'
2024-10-09 12:31:11.532  INFO 37576 --- [Thread-6] j.LocalContainerEntityManagerFactoryBean : Closing JPA EntityManagerFactory for persistence unit 'default'
2024-10-09 12:31:11.749  WARN 37576 --- [Thread-6] o.s.b.f.support.DisposableBeanAdapter    : Invocation of destroy method failed on bean with name 'inMemoryDatabaseShutdownExecutor': org.h2.jdbc.JdbcSQLNonTransientConnectionException: La base de datos ya esta cerrada (para des-habilitar el cerrado automatico durante el shutdown de la VM, agregue ";DB_CLOSE_ON_EXIT=FALSE" a la URL de conexión)
Database is already closed (to disable automatic closing at VM shutdown, add ";DB_CLOSE_ON_EXIT=FALSE" to the db URL) [90121-214]
2024-10-09 12:31:11.750  INFO 37576 --- [Thread-6] com.zaxxer.hikari.HikariDataSource       : HikariPool-1 - Shutdown initiated...
2024-10-09 12:31:11.753  INFO 37576 --- [Thread-6] com.zaxxer.hikari.HikariDataSource       : HikariPool-1 - Shutdown completed.
2024-10-09 12:31:11.820  INFO 37576 --- [restartedMain] c.g.a.c.s.ApiDeClientesApplication       : Starting ApiDeClientesApplication using Java 17.0.12 on LAPTOP-87M6U998 with PID 37576 (C:\Users\Oscar\Documents\Springboot\srvapiclientes\target\classes started by Oscar in C:\Users\Oscar\Documents\Springboot\srvapiclientes)
2024-10-09 12:31:11.821  INFO 37576 --- [restartedMain] c.g.a.c.s.ApiDeClientesApplication       : No active profile set, falling back to 1 default profile: "default"
2024-10-09 12:31:11.967  INFO 37576 --- [restartedMain] .s.d.r.c.RepositoryConfigurationDelegate : Bootstrapping Spring Data JPA repositories in DEFAULT mode.
2024-10-09 12:31:11.976  INFO 37576 --- [restartedMain] .s.d.r.c.RepositoryConfigurationDelegate : Finished Spring Data repository scanning in 9 ms. Found 1 JPA repository interfaces.
2024-10-09 12:31:12.058  INFO 37576 --- [restartedMain] o.s.b.w.embedded.tomcat.TomcatWebServer  : Tomcat initialized with port(s): 8080 (http)
2024-10-09 12:31:12.059  INFO 37576 --- [restartedMain] o.apache.catalina.core.StandardService   : Starting service [Tomcat]
2024-10-09 12:31:12.059  INFO 37576 --- [restartedMain] org.apache.catalina.core.StandardEngine  : Starting Servlet engine: [Apache Tomcat/9.0.83]
2024-10-09 12:31:12.083  INFO 37576 --- [restartedMain] o.a.c.c.C.[Tomcat].[localhost].[/]       : Initializing Spring embedded WebApplicationContext
2024-10-09 12:31:12.083  INFO 37576 --- [restartedMain] w.s.c.ServletWebServerApplicationContext : Root WebApplicationContext: initialization completed in 259 ms
2024-10-09 12:31:12.095  INFO 37576 --- [restartedMain] com.zaxxer.hikari.HikariDataSource       : HikariPool-2 - Starting...
2024-10-09 12:31:12.098  INFO 37576 --- [restartedMain] com.zaxxer.hikari.HikariDataSource       : HikariPool-2 - Start completed.
2024-10-09 12:31:12.098  INFO 37576 --- [restartedMain] o.s.b.a.h2.H2ConsoleAutoConfiguration    : H2 console available at '/h2-console'. Database available at 'jdbc:h2:mem:testdb'
2024-10-09 12:31:12.126  INFO 37576 --- [restartedMain] o.hibernate.jpa.internal.util.LogHelper  : HHH000204: Processing PersistenceUnitInfo [name: default]
2024-10-09 12:31:12.129  INFO 37576 --- [restartedMain] org.hibernate.dialect.Dialect            : HHH000400: Using dialect: org.hibernate.dialect.H2Dialect
2024-10-09 12:31:12.158  INFO 37576 --- [restartedMain] o.h.e.t.j.p.i.JtaPlatformInitiator       : HHH000490: Using JtaPlatform implementation: [org.hibernate.engine.transaction.jta.platform.internal.NoJtaPlatform]
2024-10-09 12:31:12.160  INFO 37576 --- [restartedMain] j.LocalContainerEntityManagerFactoryBean : Initialized JPA EntityManagerFactory for persistence unit 'default'
2024-10-09 12:31:12.253  WARN 37576 --- [restartedMain] JpaBaseConfiguration$JpaWebConfiguration : spring.jpa.open-in-view is enabled by default. Therefore, database queries may be performed during view rendering. Explicitly configure spring.jpa.open-in-view to disable this warning
2024-10-09 12:31:12.322  INFO 37576 --- [restartedMain] o.s.b.d.a.OptionalLiveReloadServer       : LiveReload server is running on port 35729
2024-10-09 12:31:12.335  INFO 37576 --- [restartedMain] o.s.b.w.embedded.tomcat.TomcatWebServer  : Tomcat started on port(s): 8080 (http) with context path ''
2024-10-09 12:31:12.338  INFO 37576 --- [restartedMain] c.g.a.c.s.ApiDeClientesApplication       : Started ApiDeClientesApplication in 0.543 seconds (JVM running for 59.761)
2024-10-09 12:31:12.342  INFO 37576 --- [restartedMain] .ConditionEvaluationDeltaLoggingListener : Condition evaluation unchanged
2024-10-09 12:31:30.110  INFO 37576 --- [File Watcher] rtingClassPathChangeChangedEventListener : Restarting due to 1 class path change (0 additions, 0 deletions, 1 modification)
2024-10-09 12:31:30.128  INFO 37576 --- [Thread-8] o.apache.catalina.core.StandardService   : Stopping service [Tomcat]
2024-10-09 12:31:30.131  INFO 37576 --- [Thread-8] j.LocalContainerEntityManagerFactoryBean : Closing JPA EntityManagerFactory for persistence unit 'default'
2024-10-09 12:31:30.341  WARN 37576 --- [Thread-8] o.s.b.f.support.DisposableBeanAdapter    : Invocation of destroy method failed on bean with name 'inMemoryDatabaseShutdownExecutor': org.h2.jdbc.JdbcSQLNonTransientConnectionException: La base de datos ya esta cerrada (para des-habilitar el cerrado automatico durante el shutdown de la VM, agregue ";DB_CLOSE_ON_EXIT=FALSE" a la URL de conexión)
Database is already closed (to disable automatic closing at VM shutdown, add ";DB_CLOSE_ON_EXIT=FALSE" to the db URL) [90121-214]
2024-10-09 12:31:30.344  INFO 37576 --- [Thread-8] com.zaxxer.hikari.HikariDataSource       : HikariPool-2 - Shutdown initiated...
2024-10-09 12:31:30.346  INFO 37576 --- [Thread-8] com.zaxxer.hikari.HikariDataSource       : HikariPool-2 - Shutdown completed.
